<?xml version="1.0" encoding="UTF-8"?>
<!-- Generated by org.testng.reporters.JUnitXMLReporter -->
<testsuite ignored="1" hostname="DESKTOP-02HTNM8" failures="0" tests="2" name="Register Demo" time="22.521" errors="0" timestamp="2022-11-22T15:40:58 IST">
  <testcase classname="com.telus.registerdemo.RegisterDemoTestNG" name="registerDemo" time="12.42"/>
  <testcase classname="com.telus.registerdemo.RegisterDemoTestNG" name="validateSuccessfulMsg" time="0.047"/>
  <testcase classname="com.telus.registerdemo.RegisterDemoTestNG" name="navigateToRegisterDemo" time="0.0">
    <ignored/>
  </testcase> <!-- navigateToRegisterDemo -->
</testsuite> <!-- Register Demo -->
