<?xml version="1.0" encoding="UTF-8"?>
<!-- Generated by org.testng.reporters.JUnitXMLReporter -->
<testsuite ignored="0" hostname="DESKTOP-02HTNM8" failures="0" tests="3" name="Default test" time="27.333" errors="0" timestamp="2022-11-22T13:48:04 IST">
  <testcase classname="com.telus.registerdemo.RegisterDemoTestNG" name="navigateToRegisterDemo" time="1.114"/>
  <testcase classname="com.telus.registerdemo.RegisterDemoTestNG" name="registerDemo" time="3.663"/>
  <testcase classname="com.telus.registerdemo.RegisterDemoTestNG" name="validateSuccessfulMsg" time="0.046"/>
</testsuite> <!-- Default test -->
