<?xml version="1.0" encoding="UTF-8"?>
<testng-results ignored="1" total="3" passed="2" failed="0" skipped="0">
  <reporter-output>
  </reporter-output>
  <suite started-at="2022-11-22T15:40:36 IST" name="Automation Suite" finished-at="2022-11-22T15:40:58 IST" duration-ms="22521">
    <groups>
    </groups>
    <test started-at="2022-11-22T15:40:36 IST" name="Register Demo" finished-at="2022-11-22T15:40:58 IST" duration-ms="22521">
      <class name="com.telus.registerdemo.RegisterDemoTestNG">
        <test-method is-config="true" signature="launchApplication()[pri:0, instance:com.telus.registerdemo.RegisterDemoTestNG@25fb8912]" started-at="2022-11-22T15:40:36 IST" name="launchApplication" finished-at="2022-11-22T15:40:46 IST" duration-ms="9801" status="PASS">
          <reporter-output>
          </reporter-output>
        </test-method> <!-- launchApplication -->
        <test-method signature="registerDemo()[pri:2, instance:com.telus.registerdemo.RegisterDemoTestNG@25fb8912]" started-at="2022-11-22T15:40:46 IST" name="registerDemo" finished-at="2022-11-22T15:40:58 IST" duration-ms="12420" status="PASS">
          <reporter-output>
          </reporter-output>
        </test-method> <!-- registerDemo -->
        <test-method signature="validateSuccessfulMsg()[pri:3, instance:com.telus.registerdemo.RegisterDemoTestNG@25fb8912]" started-at="2022-11-22T15:40:58 IST" name="validateSuccessfulMsg" finished-at="2022-11-22T15:40:58 IST" duration-ms="47" status="PASS">
          <reporter-output>
          </reporter-output>
        </test-method> <!-- validateSuccessfulMsg -->
        <test-method is-config="true" signature="closeApplication()[pri:0, instance:com.telus.registerdemo.RegisterDemoTestNG@25fb8912]" started-at="2022-11-22T15:40:58 IST" name="closeApplication" finished-at="2022-11-22T15:40:58 IST" duration-ms="189" status="PASS">
          <reporter-output>
          </reporter-output>
        </test-method> <!-- closeApplication -->
      </class> <!-- com.telus.registerdemo.RegisterDemoTestNG -->
    </test> <!-- Register Demo -->
  </suite> <!-- Automation Suite -->
</testng-results>
